000 000029 00139879 20.7322    0003794901 0.0138 0.286 
001 000087 00553189 15.7270    0015191619 0.0553 0.870 
005 000087 00736212 11.8172    0019919840 0.0725 0.857 
010 000071 00770999 9.2088     0020056779 0.0730 0.673 
015 000087 00651390 13.3561    0019819518 0.0722 0.964 
020 000177 00639159 27.6926    0018257225 0.0665 1.841 
025 000290 00676354 42.8770    0017722067 0.0645 2.767 
030 000657 00736557 89.1988    0019511370 0.0710 6.337 
035 001072 00724826 147.8976   0022179956 0.0808 11.944
040 001691 00700200 241.5024   0022479229 0.0819 19.767
045 002428 00617437 393.2385   0019805793 0.0721 28.359
050 002931 00516541 567.4283   0017224359 0.0627 35.588
055 002881 00361170 797.6853   0013307234 0.0485 38.651
060 002817 00259440 1085.8002  0010654272 0.0388 42.123
065 002817 00206204 1366.1229  0009409940 0.0343 46.808
070 002744 00172087 1594.5423  0008725574 0.0318 50.661
075 002634 00142958 1842.4992  0007414559 0.0270 49.744
080 001884 00099654 1890.5413  0004900234 0.0178 33.733
085 001705 00092692 1839.4252  0004259173 0.0155 28.527

The age-adjusted population cancer rate is 400.501051805305
The total population is 274633642
